<?xml version="1.0" encoding="UTF-8"?>
<testsuite xmlns:xsi="http://www.w3.org/2001/XMLSchema-instance" xsi:noNamespaceSchemaLocation="https://maven.apache.org/surefire/maven-surefire-plugin/xsd/surefire-test-report.xsd" name="TestSuite" time="89.199" tests="1" errors="0" skipped="0" failures="0">
  <properties>
    <property name="sun.desktop" value="windows"/>
    <property name="awt.toolkit" value="sun.awt.windows.WToolkit"/>
    <property name="file.encoding.pkg" value="sun.io"/>
    <property name="java.specification.version" value="1.8"/>
    <property name="sun.jnu.encoding" value="Cp1252"/>
    <property name="java.class.path" value="C:\Users\NagrajS\Desktop\JobsQue\Cucumber_TestNG\Cucumber-TestNG-master\target\test-classes;C:\Users\NagrajS\Desktop\JobsQue\Cucumber_TestNG\Cucumber-TestNG-master\target\classes;C:\Users\NagrajS\.m2\repository\org\testng\testng\6.14.3\testng-6.14.3.jar;C:\Users\NagrajS\.m2\repository\com\beust\jcommander\1.72\jcommander-1.72.jar;C:\Users\NagrajS\.m2\repository\org\apache-extras\beanshell\bsh\2.0b6\bsh-2.0b6.jar;C:\Users\NagrajS\.m2\repository\org\seleniumhq\selenium\selenium-java\3.11.0\selenium-java-3.11.0.jar;C:\Users\NagrajS\.m2\repository\org\seleniumhq\selenium\selenium-api\3.11.0\selenium-api-3.11.0.jar;C:\Users\NagrajS\.m2\repository\org\seleniumhq\selenium\selenium-chrome-driver\3.11.0\selenium-chrome-driver-3.11.0.jar;C:\Users\NagrajS\.m2\repository\org\seleniumhq\selenium\selenium-edge-driver\3.11.0\selenium-edge-driver-3.11.0.jar;C:\Users\NagrajS\.m2\repository\org\seleniumhq\selenium\selenium-firefox-driver\3.11.0\selenium-firefox-driver-3.11.0.jar;C:\Users\NagrajS\.m2\repository\org\seleniumhq\selenium\selenium-ie-driver\3.11.0\selenium-ie-driver-3.11.0.jar;C:\Users\NagrajS\.m2\repository\org\seleniumhq\selenium\selenium-opera-driver\3.11.0\selenium-opera-driver-3.11.0.jar;C:\Users\NagrajS\.m2\repository\org\seleniumhq\selenium\selenium-remote-driver\3.11.0\selenium-remote-driver-3.11.0.jar;C:\Users\NagrajS\.m2\repository\org\seleniumhq\selenium\selenium-safari-driver\3.11.0\selenium-safari-driver-3.11.0.jar;C:\Users\NagrajS\.m2\repository\org\seleniumhq\selenium\selenium-support\3.11.0\selenium-support-3.11.0.jar;C:\Users\NagrajS\.m2\repository\net\bytebuddy\byte-buddy\1.7.9\byte-buddy-1.7.9.jar;C:\Users\NagrajS\.m2\repository\org\apache\commons\commons-exec\1.3\commons-exec-1.3.jar;C:\Users\NagrajS\.m2\repository\commons-codec\commons-codec\1.10\commons-codec-1.10.jar;C:\Users\NagrajS\.m2\repository\commons-logging\commons-logging\1.2\commons-logging-1.2.jar;C:\Users\NagrajS\.m2\repository\com\google\code\gson\gson\2.8.2\gson-2.8.2.jar;C:\Users\NagrajS\.m2\repository\com\google\guava\guava\23.6-jre\guava-23.6-jre.jar;C:\Users\NagrajS\.m2\repository\com\google\code\findbugs\jsr305\1.3.9\jsr305-1.3.9.jar;C:\Users\NagrajS\.m2\repository\org\checkerframework\checker-compat-qual\2.0.0\checker-compat-qual-2.0.0.jar;C:\Users\NagrajS\.m2\repository\com\google\errorprone\error_prone_annotations\2.1.3\error_prone_annotations-2.1.3.jar;C:\Users\NagrajS\.m2\repository\com\google\j2objc\j2objc-annotations\1.1\j2objc-annotations-1.1.jar;C:\Users\NagrajS\.m2\repository\org\codehaus\mojo\animal-sniffer-annotations\1.14\animal-sniffer-annotations-1.14.jar;C:\Users\NagrajS\.m2\repository\org\apache\httpcomponents\httpclient\4.5.3\httpclient-4.5.3.jar;C:\Users\NagrajS\.m2\repository\org\apache\httpcomponents\httpcore\4.4.6\httpcore-4.4.6.jar;C:\Users\NagrajS\.m2\repository\com\squareup\okhttp3\okhttp\3.9.1\okhttp-3.9.1.jar;C:\Users\NagrajS\.m2\repository\com\squareup\okio\okio\1.13.0\okio-1.13.0.jar;C:\Users\NagrajS\.m2\repository\info\cukes\cucumber-java\1.2.5\cucumber-java-1.2.5.jar;C:\Users\NagrajS\.m2\repository\info\cukes\cucumber-core\1.2.5\cucumber-core-1.2.5.jar;C:\Users\NagrajS\.m2\repository\info\cukes\cucumber-html\0.2.3\cucumber-html-0.2.3.jar;C:\Users\NagrajS\.m2\repository\info\cukes\gherkin\2.12.2\gherkin-2.12.2.jar;C:\Users\NagrajS\.m2\repository\info\cukes\cucumber-jvm-deps\1.0.5\cucumber-jvm-deps-1.0.5.jar;C:\Users\NagrajS\.m2\repository\info\cukes\cucumber-testng\1.2.5\cucumber-testng-1.2.5.jar;C:\Users\NagrajS\.m2\repository\net\masterthought\cucumber-reporting\3.8.0\cucumber-reporting-3.8.0.jar;C:\Users\NagrajS\.m2\repository\org\apache\logging\log4j\log4j-api\2.6\log4j-api-2.6.jar;C:\Users\NagrajS\.m2\repository\org\apache\logging\log4j\log4j-core\2.6\log4j-core-2.6.jar;C:\Users\NagrajS\.m2\repository\com\fasterxml\jackson\core\jackson-databind\2.8.5\jackson-databind-2.8.5.jar;C:\Users\NagrajS\.m2\repository\com\fasterxml\jackson\core\jackson-annotations\2.8.0\jackson-annotations-2.8.0.jar;C:\Users\NagrajS\.m2\repository\com\fasterxml\jackson\core\jackson-core\2.8.5\jackson-core-2.8.5.jar;C:\Users\NagrajS\.m2\repository\org\apache\velocity\velocity\1.7\velocity-1.7.jar;C:\Users\NagrajS\.m2\repository\commons-collections\commons-collections\3.2.1\commons-collections-3.2.1.jar;C:\Users\NagrajS\.m2\repository\commons-lang\commons-lang\2.4\commons-lang-2.4.jar;C:\Users\NagrajS\.m2\repository\velocity-tools\velocity-tools\1.4\velocity-tools-1.4.jar;C:\Users\NagrajS\.m2\repository\joda-time\joda-time\2.9.6\joda-time-2.9.6.jar;C:\Users\NagrajS\.m2\repository\org\apache\commons\commons-lang3\3.5\commons-lang3-3.5.jar;C:\Users\NagrajS\.m2\repository\commons-io\commons-io\2.5\commons-io-2.5.jar;C:\Users\NagrajS\.m2\repository\net\lingala\zip4j\zip4j\1.3.2\zip4j-1.3.2.jar;C:\Users\NagrajS\.m2\repository\org\codehaus\plexus\plexus-utils\3.0.24\plexus-utils-3.0.24.jar;C:\Users\NagrajS\.m2\repository\org\jsoup\jsoup\1.10.1\jsoup-1.10.1.jar;C:\Users\NagrajS\.m2\repository\com\googlecode\owasp-java-html-sanitizer\owasp-java-html-sanitizer\20160924.1\owasp-java-html-sanitizer-20160924.1.jar;C:\Users\NagrajS\.m2\repository\org\apache\maven\surefire\surefire-testng-utils\2.21.0\surefire-testng-utils-2.21.0.jar;C:\Users\NagrajS\.m2\repository\org\apache\maven\surefire\surefire-grouper\2.21.0\surefire-grouper-2.21.0.jar;"/>
    <property name="java.vm.vendor" value="IBM Corporation"/>
    <property name="com.ibm.zero.version" value="2"/>
    <property name="sun.arch.data.model" value="64"/>
    <property name="com.ibm.vm.bitmode" value="64"/>
    <property name="user.variant" value=""/>
    <property name="com.ibm.oti.vm.library.version" value="29"/>
    <property name="java.vendor.url" value="http://www.ibm.com"/>
    <property name="user.timezone" value=""/>
    <property name="os.name" value="Windows 10"/>
    <property name="java.vm.specification.version" value="1.8"/>
    <property name="sun.java.launcher" value="SUN_STANDARD"/>
    <property name="user.country" value="IN"/>
    <property name="sun.boot.library.path" value="C:\Program Files\IBM\Java80\jre\bin\compressedrefs;C:\Program Files\IBM\Java80\jre\bin"/>
    <property name="sun.java.command" value="C:\Users\NagrajS\AppData\Local\Temp\surefire5711996944475310364\surefirebooter914355964805492523.jar C:\Users\NagrajS\AppData\Local\Temp\surefire5711996944475310364 2019-10-17T14-31-43_406-jvmRun1 surefire6511880778818324317tmp surefire_01166046385486597075tmp"/>
    <property name="surefire.test.class.path" value="C:\Users\NagrajS\Desktop\JobsQue\Cucumber_TestNG\Cucumber-TestNG-master\target\test-classes;C:\Users\NagrajS\Desktop\JobsQue\Cucumber_TestNG\Cucumber-TestNG-master\target\classes;C:\Users\NagrajS\.m2\repository\org\testng\testng\6.14.3\testng-6.14.3.jar;C:\Users\NagrajS\.m2\repository\com\beust\jcommander\1.72\jcommander-1.72.jar;C:\Users\NagrajS\.m2\repository\org\apache-extras\beanshell\bsh\2.0b6\bsh-2.0b6.jar;C:\Users\NagrajS\.m2\repository\org\seleniumhq\selenium\selenium-java\3.11.0\selenium-java-3.11.0.jar;C:\Users\NagrajS\.m2\repository\org\seleniumhq\selenium\selenium-api\3.11.0\selenium-api-3.11.0.jar;C:\Users\NagrajS\.m2\repository\org\seleniumhq\selenium\selenium-chrome-driver\3.11.0\selenium-chrome-driver-3.11.0.jar;C:\Users\NagrajS\.m2\repository\org\seleniumhq\selenium\selenium-edge-driver\3.11.0\selenium-edge-driver-3.11.0.jar;C:\Users\NagrajS\.m2\repository\org\seleniumhq\selenium\selenium-firefox-driver\3.11.0\selenium-firefox-driver-3.11.0.jar;C:\Users\NagrajS\.m2\repository\org\seleniumhq\selenium\selenium-ie-driver\3.11.0\selenium-ie-driver-3.11.0.jar;C:\Users\NagrajS\.m2\repository\org\seleniumhq\selenium\selenium-opera-driver\3.11.0\selenium-opera-driver-3.11.0.jar;C:\Users\NagrajS\.m2\repository\org\seleniumhq\selenium\selenium-remote-driver\3.11.0\selenium-remote-driver-3.11.0.jar;C:\Users\NagrajS\.m2\repository\org\seleniumhq\selenium\selenium-safari-driver\3.11.0\selenium-safari-driver-3.11.0.jar;C:\Users\NagrajS\.m2\repository\org\seleniumhq\selenium\selenium-support\3.11.0\selenium-support-3.11.0.jar;C:\Users\NagrajS\.m2\repository\net\bytebuddy\byte-buddy\1.7.9\byte-buddy-1.7.9.jar;C:\Users\NagrajS\.m2\repository\org\apache\commons\commons-exec\1.3\commons-exec-1.3.jar;C:\Users\NagrajS\.m2\repository\commons-codec\commons-codec\1.10\commons-codec-1.10.jar;C:\Users\NagrajS\.m2\repository\commons-logging\commons-logging\1.2\commons-logging-1.2.jar;C:\Users\NagrajS\.m2\repository\com\google\code\gson\gson\2.8.2\gson-2.8.2.jar;C:\Users\NagrajS\.m2\repository\com\google\guava\guava\23.6-jre\guava-23.6-jre.jar;C:\Users\NagrajS\.m2\repository\com\google\code\findbugs\jsr305\1.3.9\jsr305-1.3.9.jar;C:\Users\NagrajS\.m2\repository\org\checkerframework\checker-compat-qual\2.0.0\checker-compat-qual-2.0.0.jar;C:\Users\NagrajS\.m2\repository\com\google\errorprone\error_prone_annotations\2.1.3\error_prone_annotations-2.1.3.jar;C:\Users\NagrajS\.m2\repository\com\google\j2objc\j2objc-annotations\1.1\j2objc-annotations-1.1.jar;C:\Users\NagrajS\.m2\repository\org\codehaus\mojo\animal-sniffer-annotations\1.14\animal-sniffer-annotations-1.14.jar;C:\Users\NagrajS\.m2\repository\org\apache\httpcomponents\httpclient\4.5.3\httpclient-4.5.3.jar;C:\Users\NagrajS\.m2\repository\org\apache\httpcomponents\httpcore\4.4.6\httpcore-4.4.6.jar;C:\Users\NagrajS\.m2\repository\com\squareup\okhttp3\okhttp\3.9.1\okhttp-3.9.1.jar;C:\Users\NagrajS\.m2\repository\com\squareup\okio\okio\1.13.0\okio-1.13.0.jar;C:\Users\NagrajS\.m2\repository\info\cukes\cucumber-java\1.2.5\cucumber-java-1.2.5.jar;C:\Users\NagrajS\.m2\repository\info\cukes\cucumber-core\1.2.5\cucumber-core-1.2.5.jar;C:\Users\NagrajS\.m2\repository\info\cukes\cucumber-html\0.2.3\cucumber-html-0.2.3.jar;C:\Users\NagrajS\.m2\repository\info\cukes\gherkin\2.12.2\gherkin-2.12.2.jar;C:\Users\NagrajS\.m2\repository\info\cukes\cucumber-jvm-deps\1.0.5\cucumber-jvm-deps-1.0.5.jar;C:\Users\NagrajS\.m2\repository\info\cukes\cucumber-testng\1.2.5\cucumber-testng-1.2.5.jar;C:\Users\NagrajS\.m2\repository\net\masterthought\cucumber-reporting\3.8.0\cucumber-reporting-3.8.0.jar;C:\Users\NagrajS\.m2\repository\org\apache\logging\log4j\log4j-api\2.6\log4j-api-2.6.jar;C:\Users\NagrajS\.m2\repository\org\apache\logging\log4j\log4j-core\2.6\log4j-core-2.6.jar;C:\Users\NagrajS\.m2\repository\com\fasterxml\jackson\core\jackson-databind\2.8.5\jackson-databind-2.8.5.jar;C:\Users\NagrajS\.m2\repository\com\fasterxml\jackson\core\jackson-annotations\2.8.0\jackson-annotations-2.8.0.jar;C:\Users\NagrajS\.m2\repository\com\fasterxml\jackson\core\jackson-core\2.8.5\jackson-core-2.8.5.jar;C:\Users\NagrajS\.m2\repository\org\apache\velocity\velocity\1.7\velocity-1.7.jar;C:\Users\NagrajS\.m2\repository\commons-collections\commons-collections\3.2.1\commons-collections-3.2.1.jar;C:\Users\NagrajS\.m2\repository\commons-lang\commons-lang\2.4\commons-lang-2.4.jar;C:\Users\NagrajS\.m2\repository\velocity-tools\velocity-tools\1.4\velocity-tools-1.4.jar;C:\Users\NagrajS\.m2\repository\joda-time\joda-time\2.9.6\joda-time-2.9.6.jar;C:\Users\NagrajS\.m2\repository\org\apache\commons\commons-lang3\3.5\commons-lang3-3.5.jar;C:\Users\NagrajS\.m2\repository\commons-io\commons-io\2.5\commons-io-2.5.jar;C:\Users\NagrajS\.m2\repository\net\lingala\zip4j\zip4j\1.3.2\zip4j-1.3.2.jar;C:\Users\NagrajS\.m2\repository\org\codehaus\plexus\plexus-utils\3.0.24\plexus-utils-3.0.24.jar;C:\Users\NagrajS\.m2\repository\org\jsoup\jsoup\1.10.1\jsoup-1.10.1.jar;C:\Users\NagrajS\.m2\repository\com\googlecode\owasp-java-html-sanitizer\owasp-java-html-sanitizer\20160924.1\owasp-java-html-sanitizer-20160924.1.jar;C:\Users\NagrajS\.m2\repository\org\apache\maven\surefire\surefire-testng-utils\2.21.0\surefire-testng-utils-2.21.0.jar;C:\Users\NagrajS\.m2\repository\org\apache\maven\surefire\surefire-grouper\2.21.0\surefire-grouper-2.21.0.jar;"/>
    <property name="sun.cpu.endian" value="little"/>
    <property name="user.home" value="C:\Users\NagrajS"/>
    <property name="user.language" value="en"/>
    <property name="java.specification.vendor" value="Oracle Corporation"/>
    <property name="java.home" value="C:\Program Files\IBM\Java80\jre"/>
    <property name="ibm.signalhandling.rs" value="false"/>
    <property name="file.separator" value="\"/>
    <property name="basedir" value="C:\Users\NagrajS\Desktop\JobsQue\Cucumber_TestNG\Cucumber-TestNG-master"/>
    <property name="line.separator" value="&#10;"/>
    <property name="java.vm.specification.vendor" value="Oracle Corporation"/>
    <property name="java.specification.name" value="Java Platform API Specification"/>
    <property name="java.compiler" value="j9jit29"/>
    <property name="com.ibm.util.extralibs.properties" value=""/>
    <property name="java.awt.graphicsenv" value="sun.awt.Win32GraphicsEnvironment"/>
    <property name="com.ibm.oti.configuration" value="scar"/>
    <property name="java.awt.fonts" value=""/>
    <property name="surefire.real.class.path" value="C:\Users\NagrajS\AppData\Local\Temp\surefire5711996944475310364\surefirebooter914355964805492523.jar"/>
    <property name="com.ibm.oti.shared.enabled" value="false"/>
    <property name="sun.boot.class.path" value="C:\Program Files\IBM\Java80\jre\bin\compressedrefs\jclSC180\vm.jar;C:\Program Files\IBM\Java80\jre\lib\se-service.jar;C:\Program Files\IBM\Java80\jre\lib\cuda4j.jar;C:\Program Files\IBM\Java80\jre\lib\math.jar;C:\Program Files\IBM\Java80\jre\lib\ibmorb.jar;C:\Program Files\IBM\Java80\jre\lib\ibmorbapi.jar;C:\Program Files\IBM\Java80\jre\lib\ibmcfw.jar;C:\Program Files\IBM\Java80\jre\lib\ibmpkcs.jar;C:\Program Files\IBM\Java80\jre\lib\ibmcertpathfw.jar;C:\Program Files\IBM\Java80\jre\lib\ibmjgssfw.jar;C:\Program Files\IBM\Java80\jre\lib\ibmjssefw.jar;C:\Program Files\IBM\Java80\jre\lib\ibmsaslfw.jar;C:\Program Files\IBM\Java80\jre\lib\ibmjcefw.jar;C:\Program Files\IBM\Java80\jre\lib\ibmjgssprovider.jar;C:\Program Files\IBM\Java80\jre\lib\ibmjsseprovider2.jar;C:\Program Files\IBM\Java80\jre\lib\ibmcertpathprovider.jar;C:\Program Files\IBM\Java80\jre\lib\xmldsigfw.jar;C:\Program Files\IBM\Java80\jre\lib\xml.jar;C:\Program Files\IBM\Java80\jre\lib\charsets.jar;C:\Program Files\IBM\Java80\jre\lib\resources.jar;C:\Program Files\IBM\Java80\jre\lib\rt.jar;C:\Program Files\IBM\Java80\jre\lib\dataaccess.jar"/>
    <property name="com.ibm.oti.vm.bootstrap.library.path" value="C:\Program Files\IBM\Java80\jre\bin\compressedrefs;C:\Program Files\IBM\Java80\jre\bin"/>
    <property name="com.ibm.cpu.endian" value="little"/>
    <property name="java.fullversion" value="8.0.5.5 - pwa6480sr5fp5-20171114_01(SR5 FP5)&#10;JRE 1.8.0 IBM J9 2.9 Windows 10 amd64-64 Compressed References 20171102_369060 (JIT enabled, AOT enabled)&#10;OpenJ9   - 7ade437&#10;OMR      - 1b656cb&#10;IBM      - 59c3d96"/>
    <property name="java.runtime.version" value="8.0.5.5 - pwa6480sr5fp5-20171114_01(SR5 FP5)"/>
    <property name="user.name" value="NagrajS"/>
    <property name="path.separator" value=";"/>
    <property name="os.version" value="10.0"/>
    <property name="java.endorsed.dirs" value="C:\Program Files\IBM\Java80\jre\lib\endorsed"/>
    <property name="java.runtime.name" value="Java(TM) SE Runtime Environment"/>
    <property name="ibm.signalhandling.sigint" value="true"/>
    <property name="file.encoding" value="Cp1252"/>
    <property name="java.vm.name" value="IBM J9 VM"/>
    <property name="ibm.signalhandling.sigchain" value="true"/>
    <property name="localRepository" value="C:\Users\NagrajS\.m2\repository"/>
    <property name="java.io.tmpdir" value="C:\Users\NagrajS\AppData\Local\Temp\"/>
    <property name="java.version" value="1.8.0_151"/>
    <property name="com.ibm.system.agent.path" value="C:\Program Files\IBM\Java80\jre\bin"/>
    <property name="user.dir" value="C:\Users\NagrajS\Desktop\JobsQue\Cucumber_TestNG\Cucumber-TestNG-master"/>
    <property name="os.arch" value="amd64"/>
    <property name="java.vm.specification.name" value="Java Virtual Machine Specification"/>
    <property name="java.awt.printerjob" value="sun.awt.windows.WPrinterJob"/>
    <property name="os.encoding" value="UTF8"/>
    <property name="console.encoding" value="Cp437"/>
    <property name="java.library.path" value="C:\Program Files\IBM\Java80\jre\bin\compressedrefs;C:\Program Files\IBM\Java80\jre\bin;C:\Windows\system32;C:\Windows;C:\Users\NagrajS\.jenkins\tools\hudson.tasks.Maven_MavenInstallation\TestMaven/bin;C:\Users\NagrajS\bin;C:\Program Files\Git\mingw64\bin;C:\Program Files\Git\usr\local\bin;C:\Program Files\Git\usr\bin;C:\Program Files\Git\usr\bin;C:\Program Files\Git\mingw64\bin;C:\Program Files\Git\usr\bin;C:\Users\NagrajS\bin;C:\Windows\system32;C:\Windows;C:\Windows\System32\Wbem;C:\Windows\System32\WindowsPowerShell\v1.0;C:\Windows\System32\OpenSSH;C:\Program Files (x86)\Webex\Webex\Applications;C:\Program Files\nodejs;C:\Program Files\Git\cmd;C:\Program Files\Intel\WiFi\bin;C:\Program Files\Common Files\Intel\WirelessCommon;C:\MavenSetUp\apache-maven-3.6.2\bin;C:\Program Files\PuTTY;C:\Users\NagrajS\AppData\Local\Microsoft\WindowsApps;C:\Users\NagrajS\AppData\Local\Programs\Microsoft VS Code\bin;C:\Users\NagrajS\AppData\Roaming\npm;C:\Program Files\Git\usr\bin\vendor_perl;C:\Program Files\Git\usr\bin\core_perl;."/>
    <property name="java.vendor" value="IBM Corporation"/>
    <property name="java.vm.info" value="JRE 1.8.0 Windows 10 amd64-64 Compressed References 20171102_369060 (JIT enabled, AOT enabled)&#10;OpenJ9   - 7ade437&#10;OMR      - 1b656cb&#10;IBM      - 59c3d96"/>
    <property name="java.vm.version" value="2.9"/>
    <property name="com.ibm.jcl.checkClassPath" value=""/>
    <property name="ibm.system.encoding" value="Cp1252"/>
    <property name="sun.io.unicode.encoding" value="UnicodeLittle"/>
    <property name="java.ext.dirs" value="C:\Program Files\IBM\Java80\jre\lib\ext"/>
    <property name="java.class.version" value="52.0"/>
  </properties>
  <testcase name="feature" classname="MyRunner.TestRunner" time="87.901"/>
</testsuite>