<?xml version="1.0" encoding="UTF-8"?>
<!-- Generated by org.testng.reporters.JUnitReportReporter -->
<testsuite skipped="0" hostname="LAPTOP-R69EIENB" name="MyRunner.TestRunner" tests="1" failures="0" timestamp="15 Oct 2019 08:48:29 GMT" time="78.446" errors="0">
  <testcase name="feature" time="78.446" classname="MyRunner.TestRunner"/>
</testsuite> <!-- MyRunner.TestRunner -->
