<?xml version="1.0" encoding="UTF-8"?>
<!-- Generated by org.testng.reporters.JUnitReportReporter -->
<testsuite skipped="0" hostname="LAPTOP-R69EIENB" name="MyRunner.TestRunner" tests="1" failures="0" timestamp="17 Oct 2019 14:41:21 GMT" time="23.420" errors="0">
  <testcase name="feature" time="23.420" classname="MyRunner.TestRunner"/>
</testsuite> <!-- MyRunner.TestRunner -->
